#
# There is insufficient memory for the Java Runtime Environment to continue.
# Native memory allocation (malloc) failed to allocate 799616 bytes for Chunk::new
# Possible reasons:
#   The system is out of physical RAM or swap space
#   The process is running with CompressedOops enabled, and the Java Heap may be blocking the growth of the native heap
# Possible solutions:
#   Reduce memory load on the system
#   Increase physical memory or swap space
#   Check if swap backing store is full
#   Decrease Java heap size (-Xmx/-Xms)
#   Decrease number of Java threads
#   Decrease Java thread stack sizes (-Xss)
#   Set larger code cache with -XX:ReservedCodeCacheSize=
#   JVM is running with Unscaled Compressed Oops mode in which the Java heap is
#     placed in the first 4GB address space. The Java Heap base address is the
#     maximum limit for the native heap growth. Please use -XX:HeapBaseMinAddress
#     to set the Java Heap base and to place the Java Heap above 4GB virtual address.
# This output file may be truncated or incomplete.
#
#  Out of Memory Error (allocation.cpp:389), pid=14460, tid=0x0000000000004f30
#
# JRE version: Java(TM) SE Runtime Environment (8.0_231-b11) (build 1.8.0_231-b11)
# Java VM: Java HotSpot(TM) 64-Bit Server VM (25.231-b11 mixed mode windows-amd64 compressed oops)
# Failed to write core dump. Minidumps are not enabled by default on client versions of Windows
#

---------------  T H R E A D  ---------------

Current thread (0x0000000019f5a800):  JavaThread "C2 CompilerThread2" daemon [_thread_in_native, id=20272, stack(0x000000001aa10000,0x000000001ab10000)]

Stack: [0x000000001aa10000,0x000000001ab10000]
[error occurred during error reporting (printing stack bounds), id 0xc0000005]

Native frames: (J=compiled Java code, j=interpreted, Vv=VM code, C=native code)


Current CompileTask:
C2:   3513 2329       4       java.net.URLClassLoader$1::run (5 bytes)


---------------  P R O C E S S  ---------------

Java Threads: ( => current thread )
  0x000000001c360800 JavaThread "logback-1" daemon [_thread_blocked, id=18096, stack(0x000000001ccf0000,0x000000001cdf0000)]
  0x0000000019ff8800 JavaThread "Service Thread" daemon [_thread_blocked, id=20988, stack(0x000000001ac10000,0x000000001ad10000)]
  0x0000000019f63000 JavaThread "C1 CompilerThread3" daemon [_thread_in_native, id=21244, stack(0x000000001ab10000,0x000000001ac10000)]
=>0x0000000019f5a800 JavaThread "C2 CompilerThread2" daemon [_thread_in_native, id=20272, stack(0x000000001aa10000,0x000000001ab10000)]
  0x0000000019f52800 JavaThread "C2 CompilerThread1" daemon [_thread_in_native, id=19184, stack(0x000000001a910000,0x000000001aa10000)]
  0x0000000019f51800 JavaThread "C2 CompilerThread0" daemon [_thread_blocked, id=20696, stack(0x000000001a810000,0x000000001a910000)]
  0x0000000019f58000 JavaThread "Monitor Ctrl-Break" daemon [_thread_in_native, id=17480, stack(0x000000001a710000,0x000000001a810000)]
  0x0000000019f39000 JavaThread "Attach Listener" daemon [_thread_blocked, id=16216, stack(0x000000001a600000,0x000000001a700000)]
  0x0000000019ee3800 JavaThread "Signal Dispatcher" daemon [_thread_blocked, id=15980, stack(0x000000001a500000,0x000000001a600000)]
  0x00000000180c6800 JavaThread "Finalizer" daemon [_thread_blocked, id=4760, stack(0x000000001a3a0000,0x000000001a4a0000)]
  0x00000000180bf800 JavaThread "Reference Handler" daemon [_thread_blocked, id=6512, stack(0x000000001a2a0000,0x000000001a3a0000)]
  0x0000000002f4b000 JavaThread "main" [_thread_in_Java, id=13072, stack(0x0000000002da0000,0x0000000002ea0000)]

Other Threads:
  0x00000000180b7800 VMThread [stack: 0x0000000019da0000,0x0000000019ea0000] [id=15152]
  0x0000000019f83800 WatcherThread [stack: 0x000000001ad10000,0x000000001ae10000] [id=19412]

VM state:not at safepoint (normal execution)

VM Mutex/Monitor currently owned by a thread: None

heap address: 0x0000000081c00000, size: 2020 MB, Compressed Oops mode: 32-bit
Narrow klass base: 0x0000000000000000, Narrow klass shift: 3
Compressed class space size: 1073741824 Address: 0x0000000100000000

Heap:
 PSYoungGen      total 67584K, used 32900K [0x00000000d5f00000, 0x00000000dd700000, 0x0000000100000000)
  eden space 62464K, 44% used [0x00000000d5f00000,0x00000000d7a22060,0x00000000d9c00000)
  from space 5120K, 99% used [0x00000000da500000,0x00000000da9ff368,0x00000000daa00000)
  to   space 9216K, 0% used [0x00000000d9c00000,0x00000000d9c00000,0x00000000da500000)
 ParOldGen       total 56832K, used 9618K [0x0000000081c00000, 0x0000000085380000, 0x00000000d5f00000)
  object space 56832K, 16% used [0x0000000081c00000,0x0000000082564880,0x0000000085380000)
 Metaspace       used 25869K, capacity 27290K, committed 27520K, reserved 1073152K
  class space    used 3358K, capacity 3645K, committed 3712K, reserved 1048576K

Card table byte_map: [0x0000000012500000,0x0000000012900000] byte_map_base: 0x00000000120f2000

Marking Bits: (ParMarkBitMap*) 0x0000000052296d90
 Begin Bits: [0x00000000133b0000, 0x0000000015340000)
 End Bits:   [0x0000000015340000, 0x00000000172d0000)

Polling page: 0x0000000002a20000

CodeCache: size=245760Kb used=8193Kb max_used=8193Kb free=237566Kb
 bounds [0x0000000003140000, 0x0000000003950000, 0x0000000012140000]
 total_blobs=2780 nmethods=2382 adapters=309
 compilation: enabled

Compilation events (10 events):
Event: 3.508 Thread 0x0000000019f63000 2379       3       org.springframework.util.LinkedMultiValueMap::add (7 bytes)
Event: 3.509 Thread 0x0000000019f63000 nmethod 2379 0x0000000003940290 code [0x0000000003940440, 0x0000000003940a18]
Event: 3.509 Thread 0x0000000019f63000 2380       3       org.springframework.util.MultiValueMapAdapter::add (28 bytes)
Event: 3.509 Thread 0x0000000019f63000 nmethod 2380 0x0000000003944110 code [0x00000000039442c0, 0x0000000003944838]
Event: 3.509 Thread 0x0000000019f63000 2381       3       java.util.Spliterator::forEachRemaining (11 bytes)
Event: 3.509 Thread 0x0000000019f63000 nmethod 2381 0x0000000003944a10 code [0x0000000003944b80, 0x0000000003944e48]
Event: 3.509 Thread 0x0000000019f63000 2382       3       java.util.RegularEnumSet::iterator (9 bytes)
Event: 3.510 Thread 0x0000000019f63000 nmethod 2382 0x0000000003944f10 code [0x0000000003945080, 0x0000000003945370]
Event: 3.510 Thread 0x0000000019f63000 2383       3       java.util.RegularEnumSet$EnumSetIterator::<init> (23 bytes)
Event: 3.510 Thread 0x0000000019f63000 nmethod 2383 0x0000000003945490 code [0x0000000003945600, 0x0000000003945850]

GC Heap History (10 events):
Event: 1.813 GC heap before
{Heap before GC invocations=3 (full 0):
 PSYoungGen      total 38400K, used 38267K [0x00000000d5f00000, 0x00000000d8980000, 0x0000000100000000)
  eden space 33280K, 100% used [0x00000000d5f00000,0x00000000d7f80000,0x00000000d7f80000)
  from space 5120K, 97% used [0x00000000d8480000,0x00000000d895eec8,0x00000000d8980000)
  to   space 5120K, 0% used [0x00000000d7f80000,0x00000000d7f80000,0x00000000d8480000)
 ParOldGen       total 87552K, used 24K [0x0000000081c00000, 0x0000000087180000, 0x00000000d5f00000)
  object space 87552K, 0% used [0x0000000081c00000,0x0000000081c06000,0x0000000087180000)
 Metaspace       used 13485K, capacity 14530K, committed 14848K, reserved 1062912K
  class space    used 1716K, capacity 1953K, committed 2048K, reserved 1048576K
Event: 1.818 GC heap after
Heap after GC invocations=3 (full 0):
 PSYoungGen      total 38400K, used 5092K [0x00000000d5f00000, 0x00000000daa00000, 0x0000000100000000)
  eden space 33280K, 0% used [0x00000000d5f00000,0x00000000d5f00000,0x00000000d7f80000)
  from space 5120K, 99% used [0x00000000d7f80000,0x00000000d8479108,0x00000000d8480000)
  to   space 5120K, 0% used [0x00000000da500000,0x00000000da500000,0x00000000daa00000)
 ParOldGen       total 87552K, used 580K [0x0000000081c00000, 0x0000000087180000, 0x00000000d5f00000)
  object space 87552K, 0% used [0x0000000081c00000,0x0000000081c91360,0x0000000087180000)
 Metaspace       used 13485K, capacity 14530K, committed 14848K, reserved 1062912K
  class space    used 1716K, capacity 1953K, committed 2048K, reserved 1048576K
}
Event: 2.265 GC heap before
{Heap before GC invocations=4 (full 0):
 PSYoungGen      total 38400K, used 38372K [0x00000000d5f00000, 0x00000000daa00000, 0x0000000100000000)
  eden space 33280K, 100% used [0x00000000d5f00000,0x00000000d7f80000,0x00000000d7f80000)
  from space 5120K, 99% used [0x00000000d7f80000,0x00000000d8479108,0x00000000d8480000)
  to   space 5120K, 0% used [0x00000000da500000,0x00000000da500000,0x00000000daa00000)
 ParOldGen       total 87552K, used 580K [0x0000000081c00000, 0x0000000087180000, 0x00000000d5f00000)
  object space 87552K, 0% used [0x0000000081c00000,0x0000000081c91360,0x0000000087180000)
 Metaspace       used 17462K, capacity 18596K, committed 18688K, reserved 1064960K
  class space    used 2272K, capacity 2494K, committed 2560K, reserved 1048576K
Event: 2.271 GC heap after
Heap after GC invocations=4 (full 0):
 PSYoungGen      total 71680K, used 5098K [0x00000000d5f00000, 0x00000000daa00000, 0x0000000100000000)
  eden space 66560K, 0% used [0x00000000d5f00000,0x00000000d5f00000,0x00000000da000000)
  from space 5120K, 99% used [0x00000000da500000,0x00000000da9fab50,0x00000000daa00000)
  to   space 5120K, 0% used [0x00000000da000000,0x00000000da000000,0x00000000da500000)
 ParOldGen       total 87552K, used 1871K [0x0000000081c00000, 0x0000000087180000, 0x00000000d5f00000)
  object space 87552K, 2% used [0x0000000081c00000,0x0000000081dd3e28,0x0000000087180000)
 Metaspace       used 17462K, capacity 18596K, committed 18688K, reserved 1064960K
  class space    used 2272K, capacity 2494K, committed 2560K, reserved 1048576K
}
Event: 2.463 GC heap before
{Heap before GC invocations=5 (full 0):
 PSYoungGen      total 71680K, used 30607K [0x00000000d5f00000, 0x00000000daa00000, 0x0000000100000000)
  eden space 66560K, 38% used [0x00000000d5f00000,0x00000000d77e91a8,0x00000000da000000)
  from space 5120K, 99% used [0x00000000da500000,0x00000000da9fab50,0x00000000daa00000)
  to   space 5120K, 0% used [0x00000000da000000,0x00000000da000000,0x00000000da500000)
 ParOldGen       total 87552K, used 1871K [0x0000000081c00000, 0x0000000087180000, 0x00000000d5f00000)
  object space 87552K, 2% used [0x0000000081c00000,0x0000000081dd3e28,0x0000000087180000)
 Metaspace       used 19997K, capacity 21202K, committed 21296K, reserved 1067008K
  class space    used 2599K, capacity 2865K, committed 2944K, reserved 1048576K
Event: 2.470 GC heap after
Heap after GC invocations=5 (full 0):
 PSYoungGen      total 71680K, used 5112K [0x00000000d5f00000, 0x00000000daa00000, 0x0000000100000000)
  eden space 66560K, 0% used [0x00000000d5f00000,0x00000000d5f00000,0x00000000da000000)
  from space 5120K, 99% used [0x00000000da000000,0x00000000da4fe030,0x00000000da500000)
  to   space 5120K, 0% used [0x00000000da500000,0x00000000da500000,0x00000000daa00000)
 ParOldGen       total 87552K, used 3973K [0x0000000081c00000, 0x0000000087180000, 0x00000000d5f00000)
  object space 87552K, 4% used [0x0000000081c00000,0x0000000081fe1420,0x0000000087180000)
 Metaspace       used 19997K, capacity 21202K, committed 21296K, reserved 1067008K
  class space    used 2599K, capacity 2865K, committed 2944K, reserved 1048576K
}
Event: 2.470 GC heap before
{Heap before GC invocations=6 (full 1):
 PSYoungGen      total 71680K, used 5112K [0x00000000d5f00000, 0x00000000daa00000, 0x0000000100000000)
  eden space 66560K, 0% used [0x00000000d5f00000,0x00000000d5f00000,0x00000000da000000)
  from space 5120K, 99% used [0x00000000da000000,0x00000000da4fe030,0x00000000da500000)
  to   space 5120K, 0% used [0x00000000da500000,0x00000000da500000,0x00000000daa00000)
 ParOldGen       total 87552K, used 3973K [0x0000000081c00000, 0x0000000087180000, 0x00000000d5f00000)
  object space 87552K, 4% used [0x0000000081c00000,0x0000000081fe1420,0x0000000087180000)
 Metaspace       used 19997K, capacity 21202K, committed 21296K, reserved 1067008K
  class space    used 2599K, capacity 2865K, committed 2944K, reserved 1048576K
Event: 2.498 GC heap after
Heap after GC invocations=6 (full 1):
 PSYoungGen      total 71680K, used 0K [0x00000000d5f00000, 0x00000000daa00000, 0x0000000100000000)
  eden space 66560K, 0% used [0x00000000d5f00000,0x00000000d5f00000,0x00000000da000000)
  from space 5120K, 0% used [0x00000000da000000,0x00000000da000000,0x00000000da500000)
  to   space 5120K, 0% used [0x00000000da500000,0x00000000da500000,0x00000000daa00000)
 ParOldGen       total 56832K, used 7163K [0x0000000081c00000, 0x0000000085380000, 0x00000000d5f00000)
  object space 56832K, 12% used [0x0000000081c00000,0x00000000822fed70,0x0000000085380000)
 Metaspace       used 19997K, capacity 21202K, committed 21296K, reserved 1067008K
  class space    used 2599K, capacity 2865K, committed 2944K, reserved 1048576K
}
Event: 3.215 GC heap before
{Heap before GC invocations=7 (full 1):
 PSYoungGen      total 71680K, used 66560K [0x00000000d5f00000, 0x00000000daa00000, 0x0000000100000000)
  eden space 66560K, 100% used [0x00000000d5f00000,0x00000000da000000,0x00000000da000000)
  from space 5120K, 0% used [0x00000000da000000,0x00000000da000000,0x00000000da500000)
  to   space 5120K, 0% used [0x00000000da500000,0x00000000da500000,0x00000000daa00000)
 ParOldGen       total 56832K, used 7163K [0x0000000081c00000, 0x0000000085380000, 0x00000000d5f00000)
  object space 56832K, 12% used [0x0000000081c00000,0x00000000822fed70,0x0000000085380000)
 Metaspace       used 25101K, capacity 26466K, committed 26624K, reserved 1073152K
  class space    used 3254K, capacity 3553K, committed 3584K, reserved 1048576K
Event: 3.222 GC heap after
Heap after GC invocations=7 (full 1):
 PSYoungGen      total 67584K, used 5116K [0x00000000d5f00000, 0x00000000dd700000, 0x0000000100000000)
  eden space 62464K, 0% used [0x00000000d5f00000,0x00000000d5f00000,0x00000000d9c00000)
  from space 5120K, 99% used [0x00000000da500000,0x00000000da9ff368,0x00000000daa00000)
  to   space 9216K, 0% used [0x00000000d9c00000,0x00000000d9c00000,0x00000000da500000)
 ParOldGen       total 56832K, used 9618K [0x0000000081c00000, 0x0000000085380000, 0x00000000d5f00000)
  object space 56832K, 16% used [0x0000000081c00000,0x0000000082564880,0x0000000085380000)
 Metaspace       used 25101K, capacity 26466K, committed 26624K, reserved 1073152K
  class space    used 3254K, capacity 3553K, committed 3584K, reserved 1048576K
}

Deoptimization events (10 events):
Event: 1.968 Thread 0x0000000002f4b000 Uncommon trap: reason=unstable_if action=reinterpret pc=0x0000000003369f7c method=java.util.HashMap.hash(Ljava/lang/Object;)I @ 1
Event: 2.272 Thread 0x0000000002f4b000 Uncommon trap: reason=bimorphic action=maybe_recompile pc=0x000000000355d3d4 method=java.util.HashMap.putVal(ILjava/lang/Object;Ljava/lang/Object;ZZ)Ljava/lang/Object; @ 203
Event: 2.272 Thread 0x0000000002f4b000 Uncommon trap: reason=bimorphic action=maybe_recompile pc=0x000000000355d3d4 method=java.util.HashMap.putVal(ILjava/lang/Object;Ljava/lang/Object;ZZ)Ljava/lang/Object; @ 203
Event: 2.279 Thread 0x0000000002f4b000 Uncommon trap: reason=bimorphic action=maybe_recompile pc=0x000000000355d3d4 method=java.util.HashMap.putVal(ILjava/lang/Object;Ljava/lang/Object;ZZ)Ljava/lang/Object; @ 203
Event: 2.361 Thread 0x0000000002f4b000 Uncommon trap: reason=unstable_if action=reinterpret pc=0x000000000336bc88 method=java.lang.AbstractStringBuilder.append(Ljava/lang/String;)Ljava/lang/AbstractStringBuilder; @ 1
Event: 2.368 Thread 0x0000000002f4b000 Uncommon trap: reason=unstable_if action=reinterpret pc=0x000000000336cc80 method=java.lang.AbstractStringBuilder.append(Ljava/lang/String;)Ljava/lang/AbstractStringBuilder; @ 1
Event: 2.401 Thread 0x0000000002f4b000 Uncommon trap: reason=unstable_if action=reinterpret pc=0x000000000358f7e4 method=java.net.URL.<init>(Ljava/net/URL;Ljava/lang/String;Ljava/net/URLStreamHandler;)V @ 347
Event: 2.643 Thread 0x0000000002f4b000 Uncommon trap: reason=unstable_if action=reinterpret pc=0x00000000035d2760 method=java.util.concurrent.ConcurrentHashMap.putVal(Ljava/lang/Object;Ljava/lang/Object;Z)Ljava/lang/Object; @ 206
Event: 2.731 Thread 0x000000001c24d800 Uncommon trap: reason=unstable_if action=reinterpret pc=0x0000000003440ba4 method=jdk.internal.org.objectweb.asm.Type.getArgumentsAndReturnSizes(Ljava/lang/String;)I @ 47
Event: 2.950 Thread 0x0000000002f4b000 Uncommon trap: reason=bimorphic action=maybe_recompile pc=0x000000000355d3d4 method=java.util.HashMap.putVal(ILjava/lang/Object;Ljava/lang/Object;ZZ)Ljava/lang/Object; @ 203

Classes redefined (0 events):
No events

Internal exceptions (10 events):
Event: 2.718 Thread 0x0000000002f4b000 Exception <a 'java/lang/ClassNotFoundException': org/springframework/context/ResourceLoaderAwareCustomizer> (0x00000000d80afb58) thrown at [C:\re\workspace\8-2-build-windows-amd64-cygwin\jdk8u231\13620\hotspot\src\share\vm\classfile\systemDictionary.cpp, 
Event: 2.725 Thread 0x0000000002f4b000 Exception <a 'java/lang/ClassNotFoundException': org/springframework/beans/factory/AwareCustomizer> (0x00000000d80d13e0) thrown at [C:\re\workspace\8-2-build-windows-amd64-cygwin\jdk8u231\13620\hotspot\src\share\vm\classfile\systemDictionary.cpp, line 210
Event: 2.726 Thread 0x0000000002f4b000 Exception <a 'java/lang/ClassNotFoundException': org/springframework/beans/factory/BeanClassLoaderAwareCustomizer> (0x00000000d80f89e8) thrown at [C:\re\workspace\8-2-build-windows-amd64-cygwin\jdk8u231\13620\hotspot\src\share\vm\classfile\systemDictionar
Event: 2.727 Thread 0x0000000002f4b000 Exception <a 'java/lang/ClassNotFoundException': org/springframework/beans/factory/AwareCustomizer> (0x00000000d811a300) thrown at [C:\re\workspace\8-2-build-windows-amd64-cygwin\jdk8u231\13620\hotspot\src\share\vm\classfile\systemDictionary.cpp, line 210
Event: 2.728 Thread 0x0000000002f4b000 Exception <a 'java/lang/ClassNotFoundException': org/springframework/context/EnvironmentAwareCustomizer> (0x00000000d813ce58) thrown at [C:\re\workspace\8-2-build-windows-amd64-cygwin\jdk8u231\13620\hotspot\src\share\vm\classfile\systemDictionary.cpp, lin
Event: 2.731 Thread 0x0000000002f4b000 Exception <a 'java/lang/ClassNotFoundException': org/springframework/beans/factory/AwareCustomizer> (0x00000000d815e650) thrown at [C:\re\workspace\8-2-build-windows-amd64-cygwin\jdk8u231\13620\hotspot\src\share\vm\classfile\systemDictionary.cpp, line 210
Event: 2.738 Thread 0x000000001c24d800 Exception <a 'java/lang/IncompatibleClassChangeError': Found class java.lang.Object, but interface was expected> (0x00000000d824c500) thrown at [C:\re\workspace\8-2-build-windows-amd64-cygwin\jdk8u231\13620\hotspot\src\share\vm\interpreter\linkResolver.cp
Event: 3.424 Thread 0x0000000002f4b000 Exception <a 'java/lang/IncompatibleClassChangeError': Found class java.lang.Object, but interface was expected> (0x00000000d74518c0) thrown at [C:\re\workspace\8-2-build-windows-amd64-cygwin\jdk8u231\13620\hotspot\src\share\vm\interpreter\linkResolver.cp
Event: 3.472 Thread 0x0000000002f4b000 Exception <a 'java/lang/NoSuchMethodError': java.lang.Object.lambda$getAllAnnotationAttributes$0(Lorg/springframework/util/MultiValueMap;)Lorg/springframework/util/MultiValueMap;> (0x00000000d76b68a8) thrown at [C:\re\workspace\8-2-build-windows-amd64-cyg
Event: 3.472 Thread 0x0000000002f4b000 Exception <a 'java/lang/NoSuchMethodError': java.lang.Object.lambda$identity$2(Ljava/lang/Object;)Ljava/lang/Object;> (0x00000000d76ba5a0) thrown at [C:\re\workspace\8-2-build-windows-amd64-cygwin\jdk8u231\13620\hotspot\src\share\vm\interpreter\linkResolv

Events (10 events):
Event: 3.506 loading class org/springframework/boot/autoconfigure/web/servlet/ServletWebServerFactoryAutoConfiguration$BeanPostProcessorsRegistrar
Event: 3.506 loading class org/springframework/boot/autoconfigure/web/servlet/ServletWebServerFactoryAutoConfiguration$BeanPostProcessorsRegistrar done
Event: 3.507 loading class org/apache/coyote/UpgradeProtocol
Event: 3.507 loading class org/apache/coyote/UpgradeProtocol done
Event: 3.510 loading class org/eclipse/jetty/server/Server
Event: 3.510 loading class org/eclipse/jetty/server/Server done
Event: 3.510 loading class org/eclipse/jetty/util/Loader
Event: 3.510 loading class org/eclipse/jetty/util/Loader done
Event: 3.510 loading class org/eclipse/jetty/webapp/WebAppContext
Event: 3.510 loading class org/eclipse/jetty/webapp/WebAppContext done


Dynamic libraries:
0x00007ff681f50000 - 0x00007ff681f87000 	C:\Program Files\Java\jdk1.8.0_231\bin\java.exe
0x00007ffdfdb60000 - 0x00007ffdfdd50000 	C:\WINDOWS\SYSTEM32\ntdll.dll
0x00007ffdfbd70000 - 0x00007ffdfbe22000 	C:\WINDOWS\System32\KERNEL32.DLL
0x00007ffdfb860000 - 0x00007ffdfbb02000 	C:\WINDOWS\System32\KERNELBASE.dll
0x00007ffdfd960000 - 0x00007ffdfda03000 	C:\WINDOWS\System32\ADVAPI32.DLL
0x00007ffdfd0a0000 - 0x00007ffdfd13e000 	C:\WINDOWS\System32\msvcrt.dll
0x00007ffdfd270000 - 0x00007ffdfd307000 	C:\WINDOWS\System32\sechost.dll
0x00007ffdfbc20000 - 0x00007ffdfbd40000 	C:\WINDOWS\System32\RPCRT4.dll
0x00007ffdfc260000 - 0x00007ffdfc3f3000 	C:\WINDOWS\System32\USER32.dll
0x00007ffdfbb10000 - 0x00007ffdfbb31000 	C:\WINDOWS\System32\win32u.dll
0x00007ffdfc5c0000 - 0x00007ffdfc5e6000 	C:\WINDOWS\System32\GDI32.dll
0x00007ffdfb4e0000 - 0x00007ffdfb674000 	C:\WINDOWS\System32\gdi32full.dll
0x00007ffdfb440000 - 0x00007ffdfb4de000 	C:\WINDOWS\System32\msvcp_win.dll
0x00007ffdfb760000 - 0x00007ffdfb85a000 	C:\WINDOWS\System32\ucrtbase.dll
0x00007ffdf9f10000 - 0x00007ffdfa195000 	C:\WINDOWS\WinSxS\amd64_microsoft.windows.common-controls_6595b64144ccf1df_6.0.18362.53_none_a1435cd8519dc9c0\COMCTL32.dll
0x00007ffdfbf20000 - 0x00007ffdfc256000 	C:\WINDOWS\System32\combase.dll
0x00007ffdfbb90000 - 0x00007ffdfbc11000 	C:\WINDOWS\System32\bcryptPrimitives.dll
0x00007ffdfbd40000 - 0x00007ffdfbd6e000 	C:\WINDOWS\System32\IMM32.DLL
0x0000000052320000 - 0x00000000523f2000 	C:\Program Files\Java\jdk1.8.0_231\jre\bin\msvcr100.dll
0x0000000051a70000 - 0x0000000052316000 	C:\Program Files\Java\jdk1.8.0_231\jre\bin\server\jvm.dll
0x00007ffdfbf10000 - 0x00007ffdfbf18000 	C:\WINDOWS\System32\PSAPI.DLL
0x00007ffdd7fe0000 - 0x00007ffdd7fe9000 	C:\WINDOWS\SYSTEM32\WSOCK32.dll
0x00007ffdfd030000 - 0x00007ffdfd09f000 	C:\WINDOWS\System32\WS2_32.dll
0x00007ffdf7e70000 - 0x00007ffdf7e94000 	C:\WINDOWS\SYSTEM32\WINMM.dll
0x00007ffdec1b0000 - 0x00007ffdec1ba000 	C:\WINDOWS\SYSTEM32\VERSION.dll
0x00007ffdf7c60000 - 0x00007ffdf7c8d000 	C:\WINDOWS\SYSTEM32\WINMMBASE.dll
0x00007ffdfbb40000 - 0x00007ffdfbb8a000 	C:\WINDOWS\System32\cfgmgr32.dll
0x00007ffdfa500000 - 0x00007ffdfa50f000 	C:\Program Files\Java\jdk1.8.0_231\jre\bin\verify.dll
0x00007ffdf6be0000 - 0x00007ffdf6c09000 	C:\Program Files\Java\jdk1.8.0_231\jre\bin\java.dll
0x00007ffdf3c70000 - 0x00007ffdf3c93000 	C:\Program Files\Java\jdk1.8.0_231\jre\bin\instrument.dll
0x00007ffdf6bc0000 - 0x00007ffdf6bd6000 	C:\Program Files\Java\jdk1.8.0_231\jre\bin\zip.dll
0x00007ffdfc650000 - 0x00007ffdfcd30000 	C:\WINDOWS\System32\SHELL32.dll
0x00007ffdfda70000 - 0x00007ffdfdb19000 	C:\WINDOWS\System32\shcore.dll
0x00007ffdfaaf0000 - 0x00007ffdfb26b000 	C:\WINDOWS\System32\windows.storage.dll
0x00007ffdfaad0000 - 0x00007ffdfaaef000 	C:\WINDOWS\System32\profapi.dll
0x00007ffdfaa40000 - 0x00007ffdfaa8a000 	C:\WINDOWS\System32\powrprof.dll
0x00007ffdfaa30000 - 0x00007ffdfaa40000 	C:\WINDOWS\System32\UMPDC.dll
0x00007ffdfd210000 - 0x00007ffdfd262000 	C:\WINDOWS\System32\shlwapi.dll
0x00007ffdfaab0000 - 0x00007ffdfaac1000 	C:\WINDOWS\System32\kernel.appcore.dll
0x00007ffdfb420000 - 0x00007ffdfb437000 	C:\WINDOWS\System32\cryptsp.dll
0x00007ffdf2bf0000 - 0x00007ffdf2c0a000 	C:\Program Files\JetBrains\IntelliJ IDEA 2019.3\bin\breakgen64.dll
0x00007ffdf2aa0000 - 0x00007ffdf2aba000 	C:\Program Files\Java\jdk1.8.0_231\jre\bin\net.dll
0x00007ffdf9c20000 - 0x00007ffdf9c87000 	C:\WINDOWS\system32\mswsock.dll
0x00007ffdfa4f0000 - 0x00007ffdfa4fd000 	C:\Program Files\Java\jdk1.8.0_231\jre\bin\management.dll
0x00007ffde2090000 - 0x00007ffde20a6000 	C:\WINDOWS\system32\napinsp.dll
0x00007ffde2070000 - 0x00007ffde208a000 	C:\WINDOWS\system32\pnrpnsp.dll
0x00007ffdf99c0000 - 0x00007ffdf9a8a000 	C:\WINDOWS\SYSTEM32\DNSAPI.dll
0x00007ffdfc5b0000 - 0x00007ffdfc5b8000 	C:\WINDOWS\System32\NSI.dll
0x00007ffdf9980000 - 0x00007ffdf99ba000 	C:\WINDOWS\SYSTEM32\IPHLPAPI.DLL
0x00007ffde2010000 - 0x00007ffde201e000 	C:\WINDOWS\System32\winrnr.dll
0x00007ffdf6810000 - 0x00007ffdf682c000 	C:\WINDOWS\system32\NLAapi.dll
0x00007ffdf49c0000 - 0x00007ffdf49d5000 	C:\WINDOWS\system32\wshbth.dll
0x00007ffdf2ce0000 - 0x00007ffdf2cea000 	C:\Windows\System32\rasadhlp.dll
0x00007ffdeb4e0000 - 0x00007ffdeb557000 	C:\WINDOWS\System32\fwpuclnt.dll
0x00007ffdfb730000 - 0x00007ffdfb756000 	C:\WINDOWS\System32\bcrypt.dll
0x00007ffdf2a80000 - 0x00007ffdf2a92000 	C:\Program Files\Java\jdk1.8.0_231\jre\bin\nio.dll

VM Arguments:
jvm_args: -ea -Didea.test.cyclic.buffer.size=1048576 -javaagent:C:\Program Files\JetBrains\IntelliJ IDEA 2019.3\lib\idea_rt.jar=56526:C:\Program Files\JetBrains\IntelliJ IDEA 2019.3\bin -Dfile.encoding=UTF-8 
java_command: com.intellij.rt.junit.JUnitStarter -ideVersion5 -junit5 com.nanjingtaibai.test.generator.OssTest,ContextLoads
java_class_path (initial): C:\Program Files\JetBrains\IntelliJ IDEA 2019.3\lib\idea_rt.jar;C:\Program Files\JetBrains\IntelliJ IDEA 2019.3\plugins\junit\lib\junit5-rt.jar;C:\Program Files\JetBrains\IntelliJ IDEA 2019.3\plugins\junit\lib\junit-rt.jar;C:\Program Files\Java\jdk1.8.0_231\jre\lib\charsets.jar;C:\Program Files\Java\jdk1.8.0_231\jre\lib\deploy.jar;C:\Program Files\Java\jdk1.8.0_231\jre\lib\ext\access-bridge-64.jar;C:\Program Files\Java\jdk1.8.0_231\jre\lib\ext\cldrdata.jar;C:\Program Files\Java\jdk1.8.0_231\jre\lib\ext\dnsns.jar;C:\Program Files\Java\jdk1.8.0_231\jre\lib\ext\jaccess.jar;C:\Program Files\Java\jdk1.8.0_231\jre\lib\ext\jfxrt.jar;C:\Program Files\Java\jdk1.8.0_231\jre\lib\ext\localedata.jar;C:\Program Files\Java\jdk1.8.0_231\jre\lib\ext\nashorn.jar;C:\Program Files\Java\jdk1.8.0_231\jre\lib\ext\sunec.jar;C:\Program Files\Java\jdk1.8.0_231\jre\lib\ext\sunjce_provider.jar;C:\Program Files\Java\jdk1.8.0_231\jre\lib\ext\sunmscapi.jar;C:\Program Files\Java\jdk1.8.0_231\jre\lib\ext\sunpkcs11.jar;C:\Program Files\Java\jdk1.8.0_231\jre\lib\ext\zipfs.jar;C:\Program Files\Java\jdk1.8.0_231\jre\lib\javaws.jar;C:\Program Files\Java\jdk1.8.0_231\jre\lib\jce.jar;C:\Program Files\Java\jdk1.8.0_231\jre\lib\jfr.jar;C:\Program Files\Java\jdk1.8.0_231\jre\lib\jfxswt.jar;C:\Program Files\Java\jdk1.8.0_231\jre\lib\jsse.jar;C:\Program Files\Java\jdk1.8.0_231\jre\lib\management-agent.jar;C:\Program Files\Java\jdk1.8.0_231\jre\lib\plugin.jar;C:\Program Files\Java\jdk1.8.0_231\jre\lib\resources.jar;C:\Program Files\Java\jdk1.8.0_231\jre\lib\rt.jar;E:\anquan\web\target\test-classes;E:\anquan\web\target\classes;E:\anquan\common\target\classes;C:\Users\Administrator\.m2\repository\org\springframework\boot\spring-boot-starter-web\2.3.3.RELEASE\spring-boot-starter-web-2.3.3.RELEASE.jar;C:\Users\Administrator\.m2\repository\org\springframework\boot\spring-boot-starter-json\2.3.3.RELEASE\spring-boot-starter-json-2.3.3.RELEASE.jar;C:\Users\Administrator\.m2\repository\com\f
Launcher Type: SUN_STANDARD

Environment Variables:
PATH=C:\Program Files (x86)\Common Files\Oracle\Java\javapath;C:\Program Files (x86)\Common Files\NetSarang;C:\WINDOWS\system32;C:\WINDOWS;C:\WINDOWS\System32\Wbem;C:\WINDOWS\System32\WindowsPowerShell\v1.0\;C:\WINDOWS\System32\OpenSSH\;C:\Program Files\Git\cmd;C:\Program Files\Java\jdk1.8.0_231\bin;D:\phpstudy_pro\Extensions\php\php7.3.4nts;C:\Program Files\nodejs\;C:\ProgramData\chocolatey\bin;C:\Program Files\Redis\;C:\Program Files\Microsoft SQL Server\130\Tools\Binn\;C:\Users\Administrator\AppData\Local\Microsoft\WindowsApps;C:\Program Files\JetBrains\IntelliJ IDEA 2019.3\bin;C:\Program Files\JetBrains\WebStorm 2019.3\bin;C:\Users\Administrator\AppData\Local\Programs\Microsoft VS Code\bin;C:\Users\Administrator\AppData\Roaming\npm;C:\Users\Administrator\AppData\Local\GitHubDesktop\bin
USERNAME=Administrator
OS=Windows_NT
PROCESSOR_IDENTIFIER=Intel64 Family 6 Model 142 Stepping 10, GenuineIntel



---------------  S Y S T E M  ---------------

OS: Windows 10.0 , 64 bit Build 18362 (10.0.18362.53)

CPU:total 8 (initial active 8) (4 cores per cpu, 2 threads per core) family 6 model 142 stepping 10, cmov, cx8, fxsr, mmx, sse, sse2, sse3, ssse3, sse4.1, sse4.2, popcnt, avx, avx2, aes, clmul, erms, 3dnowpref, lzcnt, ht, tsc, tscinvbit, bmi1, bmi2, adx

Memory: 4k page, physical 8269924k(592120k free), swap 18629088k(5668k free)

vm_info: Java HotSpot(TM) 64-Bit Server VM (25.231-b11) for windows-amd64 JRE (1.8.0_231-b11), built on Oct  5 2019 03:11:30 by "java_re" with MS VC++ 10.0 (VS2010)

time: Thu Jan 14 16:43:19 2021
timezone: 中国标准时间
elapsed time: 3 seconds (0d 0h 0m 3s)

